This file contains any messages produced by compilers while
running configure, to aid debugging if configure makes a mistake.

It was created by GNU Autoconf configure 2.53, which was
generated by GNU Autoconf 2.53.  Invocation command line was

  $ ./configure --prefix=/opt/freeware

## --------- ##
## Platform. ##
## --------- ##

hostname = helios
uname -m = 0006DC2F4C00
uname -r = 3
uname -s = AIX
uname -v = 4

/usr/bin/uname -p = unknown
/bin/uname -X     = unknown

/bin/arch              = unknown
/usr/bin/arch -k       = unknown
/usr/convex/getsysinfo = unknown
hostinfo               = unknown
/bin/machine           = unknown
/usr/bin/oslevel       = 4.3.3.0
/bin/universe          = unknown

PATH: /opt/freeware/bin
PATH: /opt/freeware/GNUPro/bin
PATH: /usr/local/bin
PATH: /usr/bin
PATH: /etc
PATH: /usr/sbin
PATH: /usr/ucb
PATH: /usr/dt/bin
PATH: /usr/bin/X11
PATH: /sbin


## ----------- ##
## Core tests. ##
## ----------- ##

configure:1178: checking for a BSD-compatible install
configure:1232: result: config/install-sh -c
configure:1243: checking whether build environment is sane
configure:1286: result: yes
configure:1319: checking for gawk
configure:1348: result: no
configure:1319: checking for mawk
configure:1348: result: no
configure:1319: checking for nawk
configure:1335: found /usr/bin/nawk
configure:1345: result: nawk
configure:1355: checking whether make sets ${MAKE}
configure:1375: result: yes
configure:1543: checking for expr
configure:1561: found /usr/bin/expr
configure:1573: result: /usr/bin/expr
configure:1590: checking for gm4
configure:1623: result: no
configure:1590: checking for gnum4
configure:1623: result: no
configure:1590: checking for m4
configure:1608: found /opt/freeware/bin/m4
configure:1620: result: /opt/freeware/bin/m4
configure:1631: checking whether m4 supports frozen files
configure:1643: result: yes
configure:1661: checking for perl
configure:1679: found /usr/bin/perl
configure:1692: result: /usr/bin/perl
configure:1731: checking for emacs
configure:1760: result: no
configure:1731: checking for xemacs
configure:1760: result: no
configure:1920: creating ./config.status

## ---------------------- ##
## Running config.status. ##
## ---------------------- ##

This file was extended by GNU Autoconf config.status 2.53, which was
generated by GNU Autoconf 2.53.  Invocation command line was

  CONFIG_FILES    = 
  CONFIG_HEADERS  = 
  CONFIG_LINKS    = 
  CONFIG_COMMANDS = 
  $ ./config.status 

on helios

config.status:596: creating config/Makefile
config.status:596: creating tests/Makefile
config.status:596: creating tests/atlocal
config.status:596: creating tests/autoconf
config.status:596: creating tests/autoheader
config.status:596: creating tests/autom4te
config.status:596: creating tests/autoreconf
config.status:596: creating tests/autoscan
config.status:596: creating tests/autoupdate
config.status:596: creating tests/ifnames
config.status:596: creating man/Makefile
config.status:596: creating lib/emacs/Makefile
config.status:596: creating Makefile
config.status:596: creating doc/Makefile
config.status:596: creating lib/Makefile
config.status:596: creating lib/Autom4te/Makefile
config.status:596: creating lib/autoscan/Makefile
config.status:596: creating lib/m4sugar/Makefile
config.status:596: creating lib/autoconf/Makefile
config.status:596: creating lib/autotest/Makefile
config.status:596: creating bin/Makefile
config.status:731: executing tests/atconfig commands

## ---------------- ##
## Cache variables. ##
## ---------------- ##

ac_cv_env_build_alias_set=''
ac_cv_env_build_alias_value=''
ac_cv_env_host_alias_set=''
ac_cv_env_host_alias_value=''
ac_cv_env_target_alias_set=''
ac_cv_env_target_alias_value=''
ac_cv_path_EXPR=/usr/bin/expr
ac_cv_path_M4=/opt/freeware/bin/m4
ac_cv_path_PERL=/usr/bin/perl
ac_cv_prog_AWK=nawk
ac_cv_prog_gnu_m4=yes
ac_cv_prog_make_make_set=yes

## ----------- ##
## confdefs.h. ##
## ----------- ##

#define PACKAGE_NAME "GNU Autoconf"
#define PACKAGE_TARNAME "autoconf"
#define PACKAGE_VERSION "2.53"
#define PACKAGE_STRING "GNU Autoconf 2.53"
#define PACKAGE_BUGREPORT "bug-autoconf@gnu.org"
#define PACKAGE "autoconf"
#define VERSION "2.53"

configure: exit 0
